{"ts":"2025-10-03T10:05:50.0333234-07:00","level":"info","step":"S1.upgradePwsh","req_id":"2c2cb45e-367b-406d-b369-618be763916a","op":"start","msg":"Starting PowerShell 7 upgrade","data":{"repoRoot":"C:\\SocintAI","user":"yoni","machine":"DESKTOP-388OTB4"}}
{"ts":"2025-10-03T10:05:50.0729096-07:00","level":"info","step":"S1.upgradePwsh","req_id":"2c2cb45e-367b-406d-b369-618be763916a","op":"env.admin","msg":"Elevated: True","data":{"elevated":true}}
{"ts":"2025-10-03T10:05:50.0950961-07:00","level":"info","step":"S1.upgradePwsh","req_id":"2c2cb45e-367b-406d-b369-618be763916a","op":"env.pwsh","msg":"Existing pwsh found: False","data":{"version":null}}
{"ts":"2025-10-03T10:05:50.2536219-07:00","level":"info","step":"S1.upgradePwsh","req_id":"2c2cb45e-367b-406d-b369-618be763916a","op":"env.winget","msg":"winget available: True","data":{"version":"v1.11.510"}}
{"ts":"2025-10-03T10:05:50.2556553-07:00","level":"info","step":"S1.upgradePwsh","req_id":"2c2cb45e-367b-406d-b369-618be763916a","op":"install.winget","msg":"Installing Microsoft.PowerShell via winget","data":{"id":"Microsoft.PowerShell"}}
{"ts":"2025-10-03T10:05:50.4480669-07:00","level":"info","step":"S1.upgradePwsh","req_id":"2c2cb45e-367b-406d-b369-618be763916a","op":"install.winget.out","msg":"winget output","data":{"line":""}}
{"ts":"2025-10-03T10:05:50.6901823-07:00","level":"info","step":"S1.upgradePwsh","req_id":"2c2cb45e-367b-406d-b369-618be763916a","op":"install.winget.out","msg":"winget output","data":{"line":"   - "}}
{"ts":"2025-10-03T10:05:51.3819741-07:00","level":"info","step":"S1.upgradePwsh","req_id":"2c2cb45e-367b-406d-b369-618be763916a","op":"install.winget.out","msg":"winget output","data":{"line":"   \\ "}}
{"ts":"2025-10-03T10:05:51.3852489-07:00","level":"info","step":"S1.upgradePwsh","req_id":"2c2cb45e-367b-406d-b369-618be763916a","op":"install.winget.out","msg":"winget output","data":{"line":"                                                                                                                        "}}
{"ts":"2025-10-03T10:05:51.3869641-07:00","level":"info","step":"S1.upgradePwsh","req_id":"2c2cb45e-367b-406d-b369-618be763916a","op":"install.winget.out","msg":"winget output","data":{"line":""}}
{"ts":"2025-10-03T10:05:51.3880782-07:00","level":"info","step":"S1.upgradePwsh","req_id":"2c2cb45e-367b-406d-b369-618be763916a","op":"install.winget.out","msg":"winget output","data":{"line":"  GûêGûêGûêGûêGûêGûêGûêGûêGûêGûêGûêGûêGûêGûÆGûÆGûÆGûÆGûÆGûÆGûÆGûÆGûÆGûÆGûÆGûÆGûÆGûÆGûÆGûÆGûÆ  1024 KB / 2.26 MB"}}
{"ts":"2025-10-03T10:05:51.3896574-07:00","level":"info","step":"S1.upgradePwsh","req_id":"2c2cb45e-367b-406d-b369-618be763916a","op":"install.winget.out","msg":"winget output","data":{"line":"  GûêGûêGûêGûêGûêGûêGûêGûêGûêGûêGûêGûêGûêGûêGûêGûêGûêGûêGûêGûêGûêGûêGûêGûêGûêGûêGûÆGûÆGûÆGûÆ  2.00 MB / 2.26 MB"}}
{"ts":"2025-10-03T10:05:51.3921773-07:00","level":"info","step":"S1.upgradePwsh","req_id":"2c2cb45e-367b-406d-b369-618be763916a","op":"install.winget.out","msg":"winget output","data":{"line":"  GûêGûêGûêGûêGûêGûêGûêGûêGûêGûêGûêGûêGûêGûêGûêGûêGûêGûêGûêGûêGûêGûêGûêGûêGûêGûêGûêGûêGûêGûê  2.26 MB / 2.26 MB"}}
{"ts":"2025-10-03T10:05:51.3936885-07:00","level":"info","step":"S1.upgradePwsh","req_id":"2c2cb45e-367b-406d-b369-618be763916a","op":"install.winget.out","msg":"winget output","data":{"line":"                                                                                                                        "}}
{"ts":"2025-10-03T10:05:51.3962663-07:00","level":"info","step":"S1.upgradePwsh","req_id":"2c2cb45e-367b-406d-b369-618be763916a","op":"install.winget.out","msg":"winget output","data":{"line":""}}
{"ts":"2025-10-03T10:05:51.3983520-07:00","level":"info","step":"S1.upgradePwsh","req_id":"2c2cb45e-367b-406d-b369-618be763916a","op":"install.winget.out","msg":"winget output","data":{"line":"  GûÆGûÆGûÆGûÆGûÆGûÆGûÆGûÆGûÆGûÆGûÆGûÆGûÆGûÆGûÆGûÆGûÆGûÆGûÆGûÆGûÆGûÆGûÆGûÆGûÆGûÆGûÆGûÆGûÆGûÆ  0%"}}
{"ts":"2025-10-03T10:05:51.3999433-07:00","level":"info","step":"S1.upgradePwsh","req_id":"2c2cb45e-367b-406d-b369-618be763916a","op":"install.winget.out","msg":"winget output","data":{"line":"  GûÆGûÆGûÆGûÆGûÆGûÆGûÆGûÆGûÆGûÆGûÆGûÆGûÆGûÆGûÆGûÆGûÆGûÆGûÆGûÆGûÆGûÆGûÆGûÆGûÆGûÆGûÆGûÆGûÆGûÆ  0%"}}
{"ts":"2025-10-03T10:05:51.4030798-07:00","level":"info","step":"S1.upgradePwsh","req_id":"2c2cb45e-367b-406d-b369-618be763916a","op":"install.winget.out","msg":"winget output","data":{"line":"  GûÆGûÆGûÆGûÆGûÆGûÆGûÆGûÆGûÆGûÆGûÆGûÆGûÆGûÆGûÆGûÆGûÆGûÆGûÆGûÆGûÆGûÆGûÆGûÆGûÆGûÆGûÆGûÆGûÆGûÆ  1%"}}
{"ts":"2025-10-03T10:05:51.4048405-07:00","level":"info","step":"S1.upgradePwsh","req_id":"2c2cb45e-367b-406d-b369-618be763916a","op":"install.winget.out","msg":"winget output","data":{"line":"  GûÆGûÆGûÆGûÆGûÆGûÆGûÆGûÆGûÆGûÆGûÆGûÆGûÆGûÆGûÆGûÆGûÆGûÆGûÆGûÆGûÆGûÆGûÆGûÆGûÆGûÆGûÆGûÆGûÆGûÆ  2%"}}
{"ts":"2025-10-03T10:05:51.4087470-07:00","level":"info","step":"S1.upgradePwsh","req_id":"2c2cb45e-367b-406d-b369-618be763916a","op":"install.winget.out","msg":"winget output","data":{"line":"  GûÆGûÆGûÆGûÆGûÆGûÆGûÆGûÆGûÆGûÆGûÆGûÆGûÆGûÆGûÆGûÆGûÆGûÆGûÆGûÆGûÆGûÆGûÆGûÆGûÆGûÆGûÆGûÆGûÆGûÆ  3%"}}
{"ts":"2025-10-03T10:05:51.4107665-07:00","level":"info","step":"S1.upgradePwsh","req_id":"2c2cb45e-367b-406d-b369-618be763916a","op":"install.winget.out","msg":"winget output","data":{"line":"  GûêGûÆGûÆGûÆGûÆGûÆGûÆGûÆGûÆGûÆGûÆGûÆGûÆGûÆGûÆGûÆGûÆGûÆGûÆGûÆGûÆGûÆGûÆGûÆGûÆGûÆGûÆGûÆGûÆGûÆ  4%"}}
{"ts":"2025-10-03T10:05:51.4122769-07:00","level":"info","step":"S1.upgradePwsh","req_id":"2c2cb45e-367b-406d-b369-618be763916a","op":"install.winget.out","msg":"winget output","data":{"line":"  GûêGûÆGûÆGûÆGûÆGûÆGûÆGûÆGûÆGûÆGûÆGûÆGûÆGûÆGûÆGûÆGûÆGûÆGûÆGûÆGûÆGûÆGûÆGûÆGûÆGûÆGûÆGûÆGûÆGûÆ  5%"}}
{"ts":"2025-10-03T10:05:51.4147914-07:00","level":"info","step":"S1.upgradePwsh","req_id":"2c2cb45e-367b-406d-b369-618be763916a","op":"install.winget.out","msg":"winget output","data":{"line":"  GûêGûÆGûÆGûÆGûÆGûÆGûÆGûÆGûÆGûÆGûÆGûÆGûÆGûÆGûÆGûÆGûÆGûÆGûÆGûÆGûÆGûÆGûÆGûÆGûÆGûÆGûÆGûÆGûÆGûÆ  6%"}}
{"ts":"2025-10-03T10:05:51.4168019-07:00","level":"info","step":"S1.upgradePwsh","req_id":"2c2cb45e-367b-406d-b369-618be763916a","op":"install.winget.out","msg":"winget output","data":{"line":"  GûêGûêGûÆGûÆGûÆGûÆGûÆGûÆGûÆGûÆGûÆGûÆGûÆGûÆGûÆGûÆGûÆGûÆGûÆGûÆGûÆGûÆGûÆGûÆGûÆGûÆGûÆGûÆGûÆGûÆ  7%"}}
{"ts":"2025-10-03T10:05:51.4193123-07:00","level":"info","step":"S1.upgradePwsh","req_id":"2c2cb45e-367b-406d-b369-618be763916a","op":"install.winget.out","msg":"winget output","data":{"line":"  GûêGûêGûÆGûÆGûÆGûÆGûÆGûÆGûÆGûÆGûÆGûÆGûÆGûÆGûÆGûÆGûÆGûÆGûÆGûÆGûÆGûÆGûÆGûÆGûÆGûÆGûÆGûÆGûÆGûÆ  8%"}}
{"ts":"2025-10-03T10:05:51.4213249-07:00","level":"info","step":"S1.upgradePwsh","req_id":"2c2cb45e-367b-406d-b369-618be763916a","op":"install.winget.out","msg":"winget output","data":{"line":"  GûêGûêGûÆGûÆGûÆGûÆGûÆGûÆGûÆGûÆGûÆGûÆGûÆGûÆGûÆGûÆGûÆGûÆGûÆGûÆGûÆGûÆGûÆGûÆGûÆGûÆGûÆGûÆGûÆGûÆ  9%"}}
{"ts":"2025-10-03T10:05:51.4238419-07:00","level":"info","step":"S1.upgradePwsh","req_id":"2c2cb45e-367b-406d-b369-618be763916a","op":"install.winget.out","msg":"winget output","data":{"line":"  GûêGûêGûêGûÆGûÆGûÆGûÆGûÆGûÆGûÆGûÆGûÆGûÆGûÆGûÆGûÆGûÆGûÆGûÆGûÆGûÆGûÆGûÆGûÆGûÆGûÆGûÆGûÆGûÆGûÆ  10%"}}
{"ts":"2025-10-03T10:05:51.4253538-07:00","level":"info","step":"S1.upgradePwsh","req_id":"2c2cb45e-367b-406d-b369-618be763916a","op":"install.winget.out","msg":"winget output","data":{"line":"  GûêGûêGûêGûÆGûÆGûÆGûÆGûÆGûÆGûÆGûÆGûÆGûÆGûÆGûÆGûÆGûÆGûÆGûÆGûÆGûÆGûÆGûÆGûÆGûÆGûÆGûÆGûÆGûÆGûÆ  11%"}}
{"ts":"2025-10-03T10:05:51.4269240-07:00","level":"info","step":"S1.upgradePwsh","req_id":"2c2cb45e-367b-406d-b369-618be763916a","op":"install.winget.out","msg":"winget output","data":{"line":"  GûêGûêGûêGûÆGûÆGûÆGûÆGûÆGûÆGûÆGûÆGûÆGûÆGûÆGûÆGûÆGûÆGûÆGûÆGûÆGûÆGûÆGûÆGûÆGûÆGûÆGûÆGûÆGûÆGûÆ  12%"}}
{"ts":"2025-10-03T10:05:51.4284362-07:00","level":"info","step":"S1.upgradePwsh","req_id":"2c2cb45e-367b-406d-b369-618be763916a","op":"install.winget.out","msg":"winget output","data":{"line":"  GûêGûêGûêGûÆGûÆGûÆGûÆGûÆGûÆGûÆGûÆGûÆGûÆGûÆGûÆGûÆGûÆGûÆGûÆGûÆGûÆGûÆGûÆGûÆGûÆGûÆGûÆGûÆGûÆGûÆ  13%"}}
{"ts":"2025-10-03T10:05:51.4300659-07:00","level":"info","step":"S1.upgradePwsh","req_id":"2c2cb45e-367b-406d-b369-618be763916a","op":"install.winget.out","msg":"winget output","data":{"line":"  GûêGûêGûêGûêGûÆGûÆGûÆGûÆGûÆGûÆGûÆGûÆGûÆGûÆGûÆGûÆGûÆGûÆGûÆGûÆGûÆGûÆGûÆGûÆGûÆGûÆGûÆGûÆGûÆGûÆ  14%"}}
{"ts":"2025-10-03T10:05:51.4316625-07:00","level":"info","step":"S1.upgradePwsh","req_id":"2c2cb45e-367b-406d-b369-618be763916a","op":"install.winget.out","msg":"winget output","data":{"line":"  GûêGûêGûêGûêGûÆGûÆGûÆGûÆGûÆGûÆGûÆGûÆGûÆGûÆGûÆGûÆGûÆGûÆGûÆGûÆGûÆGûÆGûÆGûÆGûÆGûÆGûÆGûÆGûÆGûÆ  15%"}}
{"ts":"2025-10-03T10:05:51.4332704-07:00","level":"info","step":"S1.upgradePwsh","req_id":"2c2cb45e-367b-406d-b369-618be763916a","op":"install.winget.out","msg":"winget output","data":{"line":"  GûêGûêGûêGûêGûÆGûÆGûÆGûÆGûÆGûÆGûÆGûÆGûÆGûÆGûÆGûÆGûÆGûÆGûÆGûÆGûÆGûÆGûÆGûÆGûÆGûÆGûÆGûÆGûÆGûÆ  16%"}}
{"ts":"2025-10-03T10:05:51.4349066-07:00","level":"info","step":"S1.upgradePwsh","req_id":"2c2cb45e-367b-406d-b369-618be763916a","op":"install.winget.out","msg":"winget output","data":{"line":"  GûêGûêGûêGûêGûêGûÆGûÆGûÆGûÆGûÆGûÆGûÆGûÆGûÆGûÆGûÆGûÆGûÆGûÆGûÆGûÆGûÆGûÆGûÆGûÆGûÆGûÆGûÆGûÆGûÆ  17%"}}
{"ts":"2025-10-03T10:05:51.4365080-07:00","level":"info","step":"S1.upgradePwsh","req_id":"2c2cb45e-367b-406d-b369-618be763916a","op":"install.winget.out","msg":"winget output","data":{"line":"  GûêGûêGûêGûêGûêGûÆGûÆGûÆGûÆGûÆGûÆGûÆGûÆGûÆGûÆGûÆGûÆGûÆGûÆGûÆGûÆGûÆGûÆGûÆGûÆGûÆGûÆGûÆGûÆGûÆ  18%"}}
{"ts":"2025-10-03T10:05:51.4387384-07:00","level":"info","step":"S1.upgradePwsh","req_id":"2c2cb45e-367b-406d-b369-618be763916a","op":"install.winget.out","msg":"winget output","data":{"line":"  GûêGûêGûêGûêGûêGûÆGûÆGûÆGûÆGûÆGûÆGûÆGûÆGûÆGûÆGûÆGûÆGûÆGûÆGûÆGûÆGûÆGûÆGûÆGûÆGûÆGûÆGûÆGûÆGûÆ  19%"}}
{"ts":"2025-10-03T10:05:51.4403915-07:00","level":"info","step":"S1.upgradePwsh","req_id":"2c2cb45e-367b-406d-b369-618be763916a","op":"install.winget.out","msg":"winget output","data":{"line":"  GûêGûêGûêGûêGûêGûêGûÆGûÆGûÆGûÆGûÆGûÆGûÆGûÆGûÆGûÆGûÆGûÆGûÆGûÆGûÆGûÆGûÆGûÆGûÆGûÆGûÆGûÆGûÆGûÆ  20%"}}
{"ts":"2025-10-03T10:05:51.4424241-07:00","level":"info","step":"S1.upgradePwsh","req_id":"2c2cb45e-367b-406d-b369-618be763916a","op":"install.winget.out","msg":"winget output","data":{"line":"  GûêGûêGûêGûêGûêGûêGûÆGûÆGûÆGûÆGûÆGûÆGûÆGûÆGûÆGûÆGûÆGûÆGûÆGûÆGûÆGûÆGûÆGûÆGûÆGûÆGûÆGûÆGûÆGûÆ  21%"}}
{"ts":"2025-10-03T10:05:51.4439321-07:00","level":"info","step":"S1.upgradePwsh","req_id":"2c2cb45e-367b-406d-b369-618be763916a","op":"install.winget.out","msg":"winget output","data":{"line":"  GûêGûêGûêGûêGûêGûêGûÆGûÆGûÆGûÆGûÆGûÆGûÆGûÆGûÆGûÆGûÆGûÆGûÆGûÆGûÆGûÆGûÆGûÆGûÆGûÆGûÆGûÆGûÆGûÆ  23%"}}
{"ts":"2025-10-03T10:05:51.4454981-07:00","level":"info","step":"S1.upgradePwsh","req_id":"2c2cb45e-367b-406d-b369-618be763916a","op":"install.winget.out","msg":"winget output","data":{"line":"  GûêGûêGûêGûêGûêGûêGûêGûÆGûÆGûÆGûÆGûÆGûÆGûÆGûÆGûÆGûÆGûÆGûÆGûÆGûÆGûÆGûÆGûÆGûÆGûÆGûÆGûÆGûÆGûÆ  24%"}}
{"ts":"2025-10-03T10:05:51.4470541-07:00","level":"info","step":"S1.upgradePwsh","req_id":"2c2cb45e-367b-406d-b369-618be763916a","op":"install.winget.out","msg":"winget output","data":{"line":"  GûêGûêGûêGûêGûêGûêGûêGûÆGûÆGûÆGûÆGûÆGûÆGûÆGûÆGûÆGûÆGûÆGûÆGûÆGûÆGûÆGûÆGûÆGûÆGûÆGûÆGûÆGûÆGûÆ  26%"}}
{"ts":"2025-10-03T10:05:51.4485652-07:00","level":"info","step":"S1.upgradePwsh","req_id":"2c2cb45e-367b-406d-b369-618be763916a","op":"install.winget.out","msg":"winget output","data":{"line":"  GûêGûêGûêGûêGûêGûêGûêGûêGûÆGûÆGûÆGûÆGûÆGûÆGûÆGûÆGûÆGûÆGûÆGûÆGûÆGûÆGûÆGûÆGûÆGûÆGûÆGûÆGûÆGûÆ  27%"}}
{"ts":"2025-10-03T10:05:51.4506884-07:00","level":"info","step":"S1.upgradePwsh","req_id":"2c2cb45e-367b-406d-b369-618be763916a","op":"install.winget.out","msg":"winget output","data":{"line":"  GûêGûêGûêGûêGûêGûêGûêGûêGûÆGûÆGûÆGûÆGûÆGûÆGûÆGûÆGûÆGûÆGûÆGûÆGûÆGûÆGûÆGûÆGûÆGûÆGûÆGûÆGûÆGûÆ  28%"}}
{"ts":"2025-10-03T10:05:51.4512026-07:00","level":"info","step":"S1.upgradePwsh","req_id":"2c2cb45e-367b-406d-b369-618be763916a","op":"install.winget.out","msg":"winget output","data":{"line":"  GûêGûêGûêGûêGûêGûêGûêGûêGûÆGûÆGûÆGûÆGûÆGûÆGûÆGûÆGûÆGûÆGûÆGûÆGûÆGûÆGûÆGûÆGûÆGûÆGûÆGûÆGûÆGûÆ  28%"}}
{"ts":"2025-10-03T10:05:51.4527400-07:00","level":"info","step":"S1.upgradePwsh","req_id":"2c2cb45e-367b-406d-b369-618be763916a","op":"install.winget.out","msg":"winget output","data":{"line":"  GûêGûêGûêGûêGûêGûêGûêGûêGûêGûÆGûÆGûÆGûÆGûÆGûÆGûÆGûÆGûÆGûÆGûÆGûÆGûÆGûÆGûÆGûÆGûÆGûÆGûÆGûÆGûÆ  30%"}}
{"ts":"2025-10-03T10:05:51.4549485-07:00","level":"info","step":"S1.upgradePwsh","req_id":"2c2cb45e-367b-406d-b369-618be763916a","op":"install.winget.out","msg":"winget output","data":{"line":"  GûêGûêGûêGûêGûêGûêGûêGûêGûêGûÆGûÆGûÆGûÆGûÆGûÆGûÆGûÆGûÆGûÆGûÆGûÆGûÆGûÆGûÆGûÆGûÆGûÆGûÆGûÆGûÆ  31%"}}
{"ts":"2025-10-03T10:05:51.4554616-07:00","level":"info","step":"S1.upgradePwsh","req_id":"2c2cb45e-367b-406d-b369-618be763916a","op":"install.winget.out","msg":"winget output","data":{"line":"  GûêGûêGûêGûêGûêGûêGûêGûêGûêGûÆGûÆGûÆGûÆGûÆGûÆGûÆGûÆGûÆGûÆGûÆGûÆGûÆGûÆGûÆGûÆGûÆGûÆGûÆGûÆGûÆ  32%"}}
{"ts":"2025-10-03T10:05:51.4580175-07:00","level":"info","step":"S1.upgradePwsh","req_id":"2c2cb45e-367b-406d-b369-618be763916a","op":"install.winget.out","msg":"winget output","data":{"line":"  GûêGûêGûêGûêGûêGûêGûêGûêGûêGûÆGûÆGûÆGûÆGûÆGûÆGûÆGûÆGûÆGûÆGûÆGûÆGûÆGûÆGûÆGûÆGûÆGûÆGûÆGûÆGûÆ  33%"}}
{"ts":"2025-10-03T10:05:51.4585216-07:00","level":"info","step":"S1.upgradePwsh","req_id":"2c2cb45e-367b-406d-b369-618be763916a","op":"install.winget.out","msg":"winget output","data":{"line":"  GûêGûêGûêGûêGûêGûêGûêGûêGûêGûêGûÆGûÆGûÆGûÆGûÆGûÆGûÆGûÆGûÆGûÆGûÆGûÆGûÆGûÆGûÆGûÆGûÆGûÆGûÆGûÆ  34%"}}
{"ts":"2025-10-03T10:05:51.4600748-07:00","level":"info","step":"S1.upgradePwsh","req_id":"2c2cb45e-367b-406d-b369-618be763916a","op":"install.winget.out","msg":"winget output","data":{"line":"  GûêGûêGûêGûêGûêGûêGûêGûêGûêGûêGûÆGûÆGûÆGûÆGûÆGûÆGûÆGûÆGûÆGûÆGûÆGûÆGûÆGûÆGûÆGûÆGûÆGûÆGûÆGûÆ  35%"}}
{"ts":"2025-10-03T10:05:51.9853630-07:00","level":"info","step":"S1.upgradePwsh","req_id":"2c2cb45e-367b-406d-b369-618be763916a","op":"install.winget.out","msg":"winget output","data":{"line":"  GûêGûêGûêGûêGûêGûêGûêGûêGûêGûêGûÆGûÆGûÆGûÆGûÆGûÆGûÆGûÆGûÆGûÆGûÆGûÆGûÆGûÆGûÆGûÆGûÆGûÆGûÆGûÆ  36%"}}
{"ts":"2025-10-03T10:05:51.9882262-07:00","level":"info","step":"S1.upgradePwsh","req_id":"2c2cb45e-367b-406d-b369-618be763916a","op":"install.winget.out","msg":"winget output","data":{"line":"  GûêGûêGûêGûêGûêGûêGûêGûêGûêGûêGûêGûÆGûÆGûÆGûÆGûÆGûÆGûÆGûÆGûÆGûÆGûÆGûÆGûÆGûÆGûÆGûÆGûÆGûÆGûÆ  37%"}}
{"ts":"2025-10-03T10:05:51.9897375-07:00","level":"info","step":"S1.upgradePwsh","req_id":"2c2cb45e-367b-406d-b369-618be763916a","op":"install.winget.out","msg":"winget output","data":{"line":"  GûêGûêGûêGûêGûêGûêGûêGûêGûêGûêGûêGûÆGûÆGûÆGûÆGûÆGûÆGûÆGûÆGûÆGûÆGûÆGûÆGûÆGûÆGûÆGûÆGûÆGûÆGûÆ  38%"}}
{"ts":"2025-10-03T10:05:51.9902408-07:00","level":"info","step":"S1.upgradePwsh","req_id":"2c2cb45e-367b-406d-b369-618be763916a","op":"install.winget.out","msg":"winget output","data":{"line":"  GûêGûêGûêGûêGûêGûêGûêGûêGûêGûêGûêGûÆGûÆGûÆGûÆGûÆGûÆGûÆGûÆGûÆGûÆGûÆGûÆGûÆGûÆGûÆGûÆGûÆGûÆGûÆ  39%"}}
{"ts":"2025-10-03T10:05:52.0015432-07:00","level":"info","step":"S1.upgradePwsh","req_id":"2c2cb45e-367b-406d-b369-618be763916a","op":"install.winget.out","msg":"winget output","data":{"line":"  GûêGûêGûêGûêGûêGûêGûêGûêGûêGûêGûêGûêGûÆGûÆGûÆGûÆGûÆGûÆGûÆGûÆGûÆGûÆGûÆGûÆGûÆGûÆGûÆGûÆGûÆGûÆ  40%"}}
{"ts":"2025-10-03T10:05:52.0037799-07:00","level":"info","step":"S1.upgradePwsh","req_id":"2c2cb45e-367b-406d-b369-618be763916a","op":"install.winget.out","msg":"winget output","data":{"line":"  GûêGûêGûêGûêGûêGûêGûêGûêGûêGûêGûêGûêGûÆGûÆGûÆGûÆGûÆGûÆGûÆGûÆGûÆGûÆGûÆGûÆGûÆGûÆGûÆGûÆGûÆGûÆ  41%"}}
{"ts":"2025-10-03T10:05:52.0054901-07:00","level":"info","step":"S1.upgradePwsh","req_id":"2c2cb45e-367b-406d-b369-618be763916a","op":"install.winget.out","msg":"winget output","data":{"line":"  GûêGûêGûêGûêGûêGûêGûêGûêGûêGûêGûêGûêGûÆGûÆGûÆGûÆGûÆGûÆGûÆGûÆGûÆGûÆGûÆGûÆGûÆGûÆGûÆGûÆGûÆGûÆ  42%"}}
{"ts":"2025-10-03T10:05:52.0070802-07:00","level":"info","step":"S1.upgradePwsh","req_id":"2c2cb45e-367b-406d-b369-618be763916a","op":"install.winget.out","msg":"winget output","data":{"line":"  GûêGûêGûêGûêGûêGûêGûêGûêGûêGûêGûêGûêGûÆGûÆGûÆGûÆGûÆGûÆGûÆGûÆGûÆGûÆGûÆGûÆGûÆGûÆGûÆGûÆGûÆGûÆ  43%"}}
{"ts":"2025-10-03T10:05:52.0085884-07:00","level":"info","step":"S1.upgradePwsh","req_id":"2c2cb45e-367b-406d-b369-618be763916a","op":"install.winget.out","msg":"winget output","data":{"line":"  GûêGûêGûêGûêGûêGûêGûêGûêGûêGûêGûêGûêGûêGûÆGûÆGûÆGûÆGûÆGûÆGûÆGûÆGûÆGûÆGûÆGûÆGûÆGûÆGûÆGûÆGûÆ  44%"}}
{"ts":"2025-10-03T10:05:52.0085884-07:00","level":"info","step":"S1.upgradePwsh","req_id":"2c2cb45e-367b-406d-b369-618be763916a","op":"install.winget.out","msg":"winget output","data":{"line":"  GûêGûêGûêGûêGûêGûêGûêGûêGûêGûêGûêGûêGûêGûÆGûÆGûÆGûÆGûÆGûÆGûÆGûÆGûÆGûÆGûÆGûÆGûÆGûÆGûÆGûÆGûÆ  45%"}}
{"ts":"2025-10-03T10:05:52.0101726-07:00","level":"info","step":"S1.upgradePwsh","req_id":"2c2cb45e-367b-406d-b369-618be763916a","op":"install.winget.out","msg":"winget output","data":{"line":"  GûêGûêGûêGûêGûêGûêGûêGûêGûêGûêGûêGûêGûêGûÆGûÆGûÆGûÆGûÆGûÆGûÆGûÆGûÆGûÆGûÆGûÆGûÆGûÆGûÆGûÆGûÆ  46%"}}
{"ts":"2025-10-03T10:05:52.0132889-07:00","level":"info","step":"S1.upgradePwsh","req_id":"2c2cb45e-367b-406d-b369-618be763916a","op":"install.winget.out","msg":"winget output","data":{"line":"  GûêGûêGûêGûêGûêGûêGûêGûêGûêGûêGûêGûêGûêGûêGûÆGûÆGûÆGûÆGûÆGûÆGûÆGûÆGûÆGûÆGûÆGûÆGûÆGûÆGûÆGûÆ  47%"}}
{"ts":"2025-10-03T10:05:52.0155973-07:00","level":"info","step":"S1.upgradePwsh","req_id":"2c2cb45e-367b-406d-b369-618be763916a","op":"install.winget.out","msg":"winget output","data":{"line":"  GûêGûêGûêGûêGûêGûêGûêGûêGûêGûêGûêGûêGûêGûêGûÆGûÆGûÆGûÆGûÆGûÆGûÆGûÆGûÆGûÆGûÆGûÆGûÆGûÆGûÆGûÆ  48%"}}
{"ts":"2025-10-03T10:05:52.0171111-07:00","level":"info","step":"S1.upgradePwsh","req_id":"2c2cb45e-367b-406d-b369-618be763916a","op":"install.winget.out","msg":"winget output","data":{"line":"  GûêGûêGûêGûêGûêGûêGûêGûêGûêGûêGûêGûêGûêGûêGûÆGûÆGûÆGûÆGûÆGûÆGûÆGûÆGûÆGûÆGûÆGûÆGûÆGûÆGûÆGûÆ  49%"}}
{"ts":"2025-10-03T10:05:52.0181205-07:00","level":"info","step":"S1.upgradePwsh","req_id":"2c2cb45e-367b-406d-b369-618be763916a","op":"install.winget.out","msg":"winget output","data":{"line":"  GûêGûêGûêGûêGûêGûêGûêGûêGûêGûêGûêGûêGûêGûêGûêGûÆGûÆGûÆGûÆGûÆGûÆGûÆGûÆGûÆGûÆGûÆGûÆGûÆGûÆGûÆ  50%"}}
{"ts":"2025-10-03T10:05:52.0186344-07:00","level":"info","step":"S1.upgradePwsh","req_id":"2c2cb45e-367b-406d-b369-618be763916a","op":"install.winget.out","msg":"winget output","data":{"line":"  GûêGûêGûêGûêGûêGûêGûêGûêGûêGûêGûêGûêGûêGûêGûêGûÆGûÆGûÆGûÆGûÆGûÆGûÆGûÆGûÆGûÆGûÆGûÆGûÆGûÆGûÆ  51%"}}
{"ts":"2025-10-03T10:05:52.0207104-07:00","level":"info","step":"S1.upgradePwsh","req_id":"2c2cb45e-367b-406d-b369-618be763916a","op":"install.winget.out","msg":"winget output","data":{"line":"  GûêGûêGûêGûêGûêGûêGûêGûêGûêGûêGûêGûêGûêGûêGûêGûÆGûÆGûÆGûÆGûÆGûÆGûÆGûÆGûÆGûÆGûÆGûÆGûÆGûÆGûÆ  52%"}}
{"ts":"2025-10-03T10:05:52.0217247-07:00","level":"info","step":"S1.upgradePwsh","req_id":"2c2cb45e-367b-406d-b369-618be763916a","op":"install.winget.out","msg":"winget output","data":{"line":"  GûêGûêGûêGûêGûêGûêGûêGûêGûêGûêGûêGûêGûêGûêGûêGûÆGûÆGûÆGûÆGûÆGûÆGûÆGûÆGûÆGûÆGûÆGûÆGûÆGûÆGûÆ  53%"}}
{"ts":"2025-10-03T10:05:52.0247389-07:00","level":"info","step":"S1.upgradePwsh","req_id":"2c2cb45e-367b-406d-b369-618be763916a","op":"install.winget.out","msg":"winget output","data":{"line":"  GûêGûêGûêGûêGûêGûêGûêGûêGûêGûêGûêGûêGûêGûêGûêGûêGûÆGûÆGûÆGûÆGûÆGûÆGûÆGûÆGûÆGûÆGûÆGûÆGûÆGûÆ  54%"}}
{"ts":"2025-10-03T10:05:52.0257442-07:00","level":"info","step":"S1.upgradePwsh","req_id":"2c2cb45e-367b-406d-b369-618be763916a","op":"install.winget.out","msg":"winget output","data":{"line":"  GûêGûêGûêGûêGûêGûêGûêGûêGûêGûêGûêGûêGûêGûêGûêGûêGûÆGûÆGûÆGûÆGûÆGûÆGûÆGûÆGûÆGûÆGûÆGûÆGûÆGûÆ  55%"}}
{"ts":"2025-10-03T10:05:52.0272519-07:00","level":"info","step":"S1.upgradePwsh","req_id":"2c2cb45e-367b-406d-b369-618be763916a","op":"install.winget.out","msg":"winget output","data":{"line":"  GûêGûêGûêGûêGûêGûêGûêGûêGûêGûêGûêGûêGûêGûêGûêGûêGûÆGûÆGûÆGûÆGûÆGûÆGûÆGûÆGûÆGûÆGûÆGûÆGûÆGûÆ  56%"}}
{"ts":"2025-10-03T10:05:52.0287782-07:00","level":"info","step":"S1.upgradePwsh","req_id":"2c2cb45e-367b-406d-b369-618be763916a","op":"install.winget.out","msg":"winget output","data":{"line":"  GûêGûêGûêGûêGûêGûêGûêGûêGûêGûêGûêGûêGûêGûêGûêGûêGûêGûÆGûÆGûÆGûÆGûÆGûÆGûÆGûÆGûÆGûÆGûÆGûÆGûÆ  56%"}}
{"ts":"2025-10-03T10:05:52.0307975-07:00","level":"info","step":"S1.upgradePwsh","req_id":"2c2cb45e-367b-406d-b369-618be763916a","op":"install.winget.out","msg":"winget output","data":{"line":"  GûêGûêGûêGûêGûêGûêGûêGûêGûêGûêGûêGûêGûêGûêGûêGûêGûêGûêGûêGûÆGûÆGûÆGûÆGûÆGûÆGûÆGûÆGûÆGûÆGûÆ  64%"}}
{"ts":"2025-10-03T10:05:52.0324079-07:00","level":"info","step":"S1.upgradePwsh","req_id":"2c2cb45e-367b-406d-b369-618be763916a","op":"install.winget.out","msg":"winget output","data":{"line":"  GûêGûêGûêGûêGûêGûêGûêGûêGûêGûêGûêGûêGûêGûêGûêGûêGûêGûêGûêGûêGûÆGûÆGûÆGûÆGûÆGûÆGûÆGûÆGûÆGûÆ  67%"}}
{"ts":"2025-10-03T10:05:52.0329224-07:00","level":"info","step":"S1.upgradePwsh","req_id":"2c2cb45e-367b-406d-b369-618be763916a","op":"install.winget.out","msg":"winget output","data":{"line":"  GûêGûêGûêGûêGûêGûêGûêGûêGûêGûêGûêGûêGûêGûêGûêGûêGûêGûêGûêGûêGûêGûêGûêGûÆGûÆGûÆGûÆGûÆGûÆGûÆ  79%"}}
{"ts":"2025-10-03T10:05:52.0350579-07:00","level":"info","step":"S1.upgradePwsh","req_id":"2c2cb45e-367b-406d-b369-618be763916a","op":"install.winget.out","msg":"winget output","data":{"line":"  GûêGûêGûêGûêGûêGûêGûêGûêGûêGûêGûêGûêGûêGûêGûêGûêGûêGûêGûêGûêGûêGûêGûêGûêGûêGûêGûêGûêGûêGûÆ  99%"}}
{"ts":"2025-10-03T10:05:52.0360623-07:00","level":"info","step":"S1.upgradePwsh","req_id":"2c2cb45e-367b-406d-b369-618be763916a","op":"install.winget.out","msg":"winget output","data":{"line":"  GûêGûêGûêGûêGûêGûêGûêGûêGûêGûêGûêGûêGûêGûêGûêGûêGûêGûêGûêGûêGûêGûêGûêGûêGûêGûêGûêGûêGûêGûÆ  99%"}}
{"ts":"2025-10-03T10:05:52.0376274-07:00","level":"info","step":"S1.upgradePwsh","req_id":"2c2cb45e-367b-406d-b369-618be763916a","op":"install.winget.out","msg":"winget output","data":{"line":"  GûêGûêGûêGûêGûêGûêGûêGûêGûêGûêGûêGûêGûêGûêGûêGûêGûêGûêGûêGûêGûêGûêGûêGûêGûêGûêGûêGûêGûêGûê  100%"}}
{"ts":"2025-10-03T10:05:52.0386500-07:00","level":"info","step":"S1.upgradePwsh","req_id":"2c2cb45e-367b-406d-b369-618be763916a","op":"install.winget.out","msg":"winget output","data":{"line":"                                                                                                                        "}}
{"ts":"2025-10-03T10:05:52.0386500-07:00","level":"info","step":"S1.upgradePwsh","req_id":"2c2cb45e-367b-406d-b369-618be763916a","op":"install.winget.out","msg":"winget output","data":{"line":""}}
{"ts":"2025-10-03T10:05:52.6834084-07:00","level":"info","step":"S1.upgradePwsh","req_id":"2c2cb45e-367b-406d-b369-618be763916a","op":"install.winget.out","msg":"winget output","data":{"line":"   - "}}
{"ts":"2025-10-03T10:05:52.6849641-07:00","level":"info","step":"S1.upgradePwsh","req_id":"2c2cb45e-367b-406d-b369-618be763916a","op":"install.winget.out","msg":"winget output","data":{"line":"                                                                                                                        "}}
{"ts":"2025-10-03T10:05:52.6864870-07:00","level":"info","step":"S1.upgradePwsh","req_id":"2c2cb45e-367b-406d-b369-618be763916a","op":"install.winget.out","msg":"winget output","data":{"line":"Found PowerShell [Microsoft.PowerShell] Version 7.5.3.0"}}
{"ts":"2025-10-03T10:05:52.6887535-07:00","level":"info","step":"S1.upgradePwsh","req_id":"2c2cb45e-367b-406d-b369-618be763916a","op":"install.winget.out","msg":"winget output","data":{"line":"This application is licensed to you by its owner."}}
{"ts":"2025-10-03T10:05:52.6903363-07:00","level":"info","step":"S1.upgradePwsh","req_id":"2c2cb45e-367b-406d-b369-618be763916a","op":"install.winget.out","msg":"winget output","data":{"line":"Microsoft is not responsible for, nor does it grant any licenses to, third-party packages."}}
{"ts":"2025-10-03T10:05:52.6913494-07:00","level":"info","step":"S1.upgradePwsh","req_id":"2c2cb45e-367b-406d-b369-618be763916a","op":"install.winget.out","msg":"winget output","data":{"line":"Downloading https://github.com/PowerShell/PowerShell/releases/download/v7.5.3/PowerShell-7.5.3-win-x64.msi"}}
{"ts":"2025-10-03T10:05:52.7985127-07:00","level":"info","step":"S1.upgradePwsh","req_id":"2c2cb45e-367b-406d-b369-618be763916a","op":"install.winget.out","msg":"winget output","data":{"line":""}}
{"ts":"2025-10-03T10:05:53.0500780-07:00","level":"info","step":"S1.upgradePwsh","req_id":"2c2cb45e-367b-406d-b369-618be763916a","op":"install.winget.out","msg":"winget output","data":{"line":"   - "}}
{"ts":"2025-10-03T10:05:53.3146417-07:00","level":"info","step":"S1.upgradePwsh","req_id":"2c2cb45e-367b-406d-b369-618be763916a","op":"install.winget.out","msg":"winget output","data":{"line":"   \\ "}}
{"ts":"2025-10-03T10:05:53.5648523-07:00","level":"info","step":"S1.upgradePwsh","req_id":"2c2cb45e-367b-406d-b369-618be763916a","op":"install.winget.out","msg":"winget output","data":{"line":"   | "}}
{"ts":"2025-10-03T10:05:53.8198514-07:00","level":"info","step":"S1.upgradePwsh","req_id":"2c2cb45e-367b-406d-b369-618be763916a","op":"install.winget.out","msg":"winget output","data":{"line":"   / "}}
{"ts":"2025-10-03T10:05:54.0837325-07:00","level":"info","step":"S1.upgradePwsh","req_id":"2c2cb45e-367b-406d-b369-618be763916a","op":"install.winget.out","msg":"winget output","data":{"line":"   - "}}
{"ts":"2025-10-03T10:05:54.3486690-07:00","level":"info","step":"S1.upgradePwsh","req_id":"2c2cb45e-367b-406d-b369-618be763916a","op":"install.winget.out","msg":"winget output","data":{"line":"   \\ "}}
{"ts":"2025-10-03T10:05:54.5987758-07:00","level":"info","step":"S1.upgradePwsh","req_id":"2c2cb45e-367b-406d-b369-618be763916a","op":"install.winget.out","msg":"winget output","data":{"line":"   | "}}
{"ts":"2025-10-03T10:05:59.1704461-07:00","level":"info","step":"S1.upgradePwsh","req_id":"2c2cb45e-367b-406d-b369-618be763916a","op":"install.winget.out","msg":"winget output","data":{"line":"   / "}}
{"ts":"2025-10-03T10:05:59.1719542-07:00","level":"info","step":"S1.upgradePwsh","req_id":"2c2cb45e-367b-406d-b369-618be763916a","op":"install.winget.out","msg":"winget output","data":{"line":"                                                                                                                        "}}
{"ts":"2025-10-03T10:05:59.1734611-07:00","level":"info","step":"S1.upgradePwsh","req_id":"2c2cb45e-367b-406d-b369-618be763916a","op":"install.winget.out","msg":"winget output","data":{"line":""}}
{"ts":"2025-10-03T10:05:59.1747202-07:00","level":"info","step":"S1.upgradePwsh","req_id":"2c2cb45e-367b-406d-b369-618be763916a","op":"install.winget.out","msg":"winget output","data":{"line":"  GûÆGûÆGûÆGûÆGûÆGûÆGûÆGûÆGûÆGûÆGûÆGûÆGûÆGûÆGûÆGûÆGûÆGûÆGûÆGûÆGûÆGûÆGûÆGûÆGûÆGûÆGûÆGûÆGûÆGûÆ  1024 KB /  108 MB"}}
{"ts":"2025-10-03T10:05:59.1747202-07:00","level":"info","step":"S1.upgradePwsh","req_id":"2c2cb45e-367b-406d-b369-618be763916a","op":"install.winget.out","msg":"winget output","data":{"line":"  GûêGûêGûêGûêGûêGûêGûÆGûÆGûÆGûÆGûÆGûÆGûÆGûÆGûÆGûÆGûÆGûÆGûÆGûÆGûÆGûÆGûÆGûÆGûÆGûÆGûÆGûÆGûÆGûÆ  24.4 MB /  108 MB"}}
{"ts":"2025-10-03T10:05:59.1764172-07:00","level":"info","step":"S1.upgradePwsh","req_id":"2c2cb45e-367b-406d-b369-618be763916a","op":"install.winget.out","msg":"winget output","data":{"line":"  GûêGûêGûêGûêGûêGûêGûêGûêGûêGûêGûêGûêGûêGûêGûÆGûÆGûÆGûÆGûÆGûÆGûÆGûÆGûÆGûÆGûÆGûÆGûÆGûÆGûÆGûÆ  53.4 MB /  108 MB"}}
{"ts":"2025-10-03T10:05:59.1779276-07:00","level":"info","step":"S1.upgradePwsh","req_id":"2c2cb45e-367b-406d-b369-618be763916a","op":"install.winget.out","msg":"winget output","data":{"line":"  GûêGûêGûêGûêGûêGûêGûêGûêGûêGûêGûêGûêGûêGûêGûêGûêGûêGûêGûêGûêGûêGûêGûÆGûÆGûÆGûÆGûÆGûÆGûÆGûÆ  81.4 MB /  108 MB"}}
{"ts":"2025-10-03T10:05:59.1800021-07:00","level":"info","step":"S1.upgradePwsh","req_id":"2c2cb45e-367b-406d-b369-618be763916a","op":"install.winget.out","msg":"winget output","data":{"line":"  GûêGûêGûêGûêGûêGûêGûêGûêGûêGûêGûêGûêGûêGûêGûêGûêGûêGûêGûêGûêGûêGûêGûêGûêGûêGûêGûêGûêGûêGûÆ   107 MB /  108 MB"}}
{"ts":"2025-10-03T10:05:59.1820077-07:00","level":"info","step":"S1.upgradePwsh","req_id":"2c2cb45e-367b-406d-b369-618be763916a","op":"install.winget.out","msg":"winget output","data":{"line":"  GûêGûêGûêGûêGûêGûêGûêGûêGûêGûêGûêGûêGûêGûêGûêGûêGûêGûêGûêGûêGûêGûêGûêGûêGûêGûêGûêGûêGûêGûê   108 MB /  108 MB"}}
{"ts":"2025-10-03T10:05:59.1835302-07:00","level":"info","step":"S1.upgradePwsh","req_id":"2c2cb45e-367b-406d-b369-618be763916a","op":"install.winget.out","msg":"winget output","data":{"line":"Successfully verified installer hash"}}
{"ts":"2025-10-03T10:05:59.3486541-07:00","level":"info","step":"S1.upgradePwsh","req_id":"2c2cb45e-367b-406d-b369-618be763916a","op":"install.winget.out","msg":"winget output","data":{"line":"Starting package install..."}}
{"ts":"2025-10-03T10:05:59.4531159-07:00","level":"info","step":"S1.upgradePwsh","req_id":"2c2cb45e-367b-406d-b369-618be763916a","op":"install.winget.out","msg":"winget output","data":{"line":""}}
{"ts":"2025-10-03T10:05:59.7178478-07:00","level":"info","step":"S1.upgradePwsh","req_id":"2c2cb45e-367b-406d-b369-618be763916a","op":"install.winget.out","msg":"winget output","data":{"line":"   - "}}
{"ts":"2025-10-03T10:05:59.9820794-07:00","level":"info","step":"S1.upgradePwsh","req_id":"2c2cb45e-367b-406d-b369-618be763916a","op":"install.winget.out","msg":"winget output","data":{"line":"   \\ "}}
{"ts":"2025-10-03T10:06:00.2326957-07:00","level":"info","step":"S1.upgradePwsh","req_id":"2c2cb45e-367b-406d-b369-618be763916a","op":"install.winget.out","msg":"winget output","data":{"line":"   | "}}
{"ts":"2025-10-03T10:06:00.4833639-07:00","level":"info","step":"S1.upgradePwsh","req_id":"2c2cb45e-367b-406d-b369-618be763916a","op":"install.winget.out","msg":"winget output","data":{"line":"   / "}}
{"ts":"2025-10-03T10:06:00.7475697-07:00","level":"info","step":"S1.upgradePwsh","req_id":"2c2cb45e-367b-406d-b369-618be763916a","op":"install.winget.out","msg":"winget output","data":{"line":"   - "}}
{"ts":"2025-10-03T10:06:01.0001625-07:00","level":"info","step":"S1.upgradePwsh","req_id":"2c2cb45e-367b-406d-b369-618be763916a","op":"install.winget.out","msg":"winget output","data":{"line":"   \\ "}}
{"ts":"2025-10-03T10:06:01.2636727-07:00","level":"info","step":"S1.upgradePwsh","req_id":"2c2cb45e-367b-406d-b369-618be763916a","op":"install.winget.out","msg":"winget output","data":{"line":"   | "}}
{"ts":"2025-10-03T10:06:01.5149932-07:00","level":"info","step":"S1.upgradePwsh","req_id":"2c2cb45e-367b-406d-b369-618be763916a","op":"install.winget.out","msg":"winget output","data":{"line":"   / "}}
{"ts":"2025-10-03T10:06:01.7804315-07:00","level":"info","step":"S1.upgradePwsh","req_id":"2c2cb45e-367b-406d-b369-618be763916a","op":"install.winget.out","msg":"winget output","data":{"line":"   - "}}
{"ts":"2025-10-03T10:06:02.0450297-07:00","level":"info","step":"S1.upgradePwsh","req_id":"2c2cb45e-367b-406d-b369-618be763916a","op":"install.winget.out","msg":"winget output","data":{"line":"   \\ "}}
{"ts":"2025-10-03T10:06:02.3105193-07:00","level":"info","step":"S1.upgradePwsh","req_id":"2c2cb45e-367b-406d-b369-618be763916a","op":"install.winget.out","msg":"winget output","data":{"line":"   | "}}
{"ts":"2025-10-03T10:06:02.5740555-07:00","level":"info","step":"S1.upgradePwsh","req_id":"2c2cb45e-367b-406d-b369-618be763916a","op":"install.winget.out","msg":"winget output","data":{"line":"   / "}}
{"ts":"2025-10-03T10:06:02.8243278-07:00","level":"info","step":"S1.upgradePwsh","req_id":"2c2cb45e-367b-406d-b369-618be763916a","op":"install.winget.out","msg":"winget output","data":{"line":"   - "}}
{"ts":"2025-10-03T10:06:03.0748811-07:00","level":"info","step":"S1.upgradePwsh","req_id":"2c2cb45e-367b-406d-b369-618be763916a","op":"install.winget.out","msg":"winget output","data":{"line":"   \\ "}}
{"ts":"2025-10-03T10:06:03.3367296-07:00","level":"info","step":"S1.upgradePwsh","req_id":"2c2cb45e-367b-406d-b369-618be763916a","op":"install.winget.out","msg":"winget output","data":{"line":"   | "}}
{"ts":"2025-10-03T10:06:03.5876033-07:00","level":"info","step":"S1.upgradePwsh","req_id":"2c2cb45e-367b-406d-b369-618be763916a","op":"install.winget.out","msg":"winget output","data":{"line":"   / "}}
{"ts":"2025-10-03T10:06:03.8521544-07:00","level":"info","step":"S1.upgradePwsh","req_id":"2c2cb45e-367b-406d-b369-618be763916a","op":"install.winget.out","msg":"winget output","data":{"line":"   - "}}
{"ts":"2025-10-03T10:06:04.1131172-07:00","level":"info","step":"S1.upgradePwsh","req_id":"2c2cb45e-367b-406d-b369-618be763916a","op":"install.winget.out","msg":"winget output","data":{"line":"   \\ "}}
{"ts":"2025-10-03T10:06:04.3786368-07:00","level":"info","step":"S1.upgradePwsh","req_id":"2c2cb45e-367b-406d-b369-618be763916a","op":"install.winget.out","msg":"winget output","data":{"line":"   | "}}
{"ts":"2025-10-03T10:06:04.6288868-07:00","level":"info","step":"S1.upgradePwsh","req_id":"2c2cb45e-367b-406d-b369-618be763916a","op":"install.winget.out","msg":"winget output","data":{"line":"   / "}}
{"ts":"2025-10-03T10:06:04.8904505-07:00","level":"info","step":"S1.upgradePwsh","req_id":"2c2cb45e-367b-406d-b369-618be763916a","op":"install.winget.out","msg":"winget output","data":{"line":"   - "}}
{"ts":"2025-10-03T10:06:05.1407865-07:00","level":"info","step":"S1.upgradePwsh","req_id":"2c2cb45e-367b-406d-b369-618be763916a","op":"install.winget.out","msg":"winget output","data":{"line":"   \\ "}}
{"ts":"2025-10-03T10:06:05.4035862-07:00","level":"info","step":"S1.upgradePwsh","req_id":"2c2cb45e-367b-406d-b369-618be763916a","op":"install.winget.out","msg":"winget output","data":{"line":"   | "}}
{"ts":"2025-10-03T10:06:05.6658094-07:00","level":"info","step":"S1.upgradePwsh","req_id":"2c2cb45e-367b-406d-b369-618be763916a","op":"install.winget.out","msg":"winget output","data":{"line":"   / "}}
{"ts":"2025-10-03T10:06:05.9286111-07:00","level":"info","step":"S1.upgradePwsh","req_id":"2c2cb45e-367b-406d-b369-618be763916a","op":"install.winget.out","msg":"winget output","data":{"line":"   - "}}
{"ts":"2025-10-03T10:06:06.1814111-07:00","level":"info","step":"S1.upgradePwsh","req_id":"2c2cb45e-367b-406d-b369-618be763916a","op":"install.winget.out","msg":"winget output","data":{"line":"   \\ "}}
{"ts":"2025-10-03T10:06:06.1853907-07:00","level":"info","step":"S1.upgradePwsh","req_id":"2c2cb45e-367b-406d-b369-618be763916a","op":"install.winget.out","msg":"winget output","data":{"line":"                                                                                                                        "}}
{"ts":"2025-10-03T10:06:06.1896324-07:00","level":"info","step":"S1.upgradePwsh","req_id":"2c2cb45e-367b-406d-b369-618be763916a","op":"install.winget.out","msg":"winget output","data":{"line":"Successfully installed"}}
{"ts":"2025-10-03T10:06:06.7736446-07:00","level":"info","step":"S1.upgradePwsh","req_id":"2c2cb45e-367b-406d-b369-618be763916a","op":"verify.pwsh","msg":"Post-install verify","data":{"path":"C:\\Program Files\\PowerShell\\7\\pwsh.exe","version":"7.5.3","exists":true}}
{"ts":"2025-10-03T10:06:06.7906468-07:00","level":"info","step":"S1.upgradePwsh","req_id":"2c2cb45e-367b-406d-b369-618be763916a","op":"summary","msg":"S1 Upgrade PowerShell summary","data":{"winget_available":true,"pwsh_version":"7.5.3","version_ok":true,"duration_ms":16780,"pwsh_path":"C:\\Program Files\\PowerShell\\7\\pwsh.exe","pwsh_installed":true,"ready_for_S1_rerun":true,"install_attempted":true,"log_file":"C:\\SocintAI\\logs\\S1_upgrade_pwsh_20251003_100550.log"}}
