{"ts":"2025-10-03T10:22:52.5546933-07:00","level":"info","step":"S2.iis_bits_and_cert","req_id":"08bc6766-4c86-4302-ac02-3463938c9189","op":"start","msg":"Starting S2 install (URL Rewrite, ARR, WebSockets, cert)","data":{"machine":"DESKTOP-388OTB4","user":"yoni","repoRoot":"C:\\SocintAI"}}
{"ts":"2025-10-03T10:22:52.5754796-07:00","level":"info","step":"S2.iis_bits_and_cert","req_id":"08bc6766-4c86-4302-ac02-3463938c9189","op":"env.admin","msg":"Already elevated","data":{}}
{"ts":"2025-10-03T10:22:52.9231840-07:00","level":"info","step":"S2.iis_bits_and_cert","req_id":"08bc6766-4c86-4302-ac02-3463938c9189","op":"feature.skip","msg":"Feature already enabled: IIS-WebServer","data":{"feature":"IIS-WebServer"}}
{"ts":"2025-10-03T10:22:53.2394870-07:00","level":"info","step":"S2.iis_bits_and_cert","req_id":"08bc6766-4c86-4302-ac02-3463938c9189","op":"feature.skip","msg":"Feature already enabled: IIS-ManagementConsole","data":{"feature":"IIS-ManagementConsole"}}
{"ts":"2025-10-03T10:22:53.4629214-07:00","level":"info","step":"S2.iis_bits_and_cert","req_id":"08bc6766-4c86-4302-ac02-3463938c9189","op":"feature.skip","msg":"Feature already enabled: IIS-HttpRedirect","data":{"feature":"IIS-HttpRedirect"}}
{"ts":"2025-10-03T10:22:53.6751921-07:00","level":"info","step":"S2.iis_bits_and_cert","req_id":"08bc6766-4c86-4302-ac02-3463938c9189","op":"feature.skip","msg":"Feature already enabled: IIS-ISAPIExtensions","data":{"feature":"IIS-ISAPIExtensions"}}
{"ts":"2025-10-03T10:22:53.8921309-07:00","level":"info","step":"S2.iis_bits_and_cert","req_id":"08bc6766-4c86-4302-ac02-3463938c9189","op":"feature.skip","msg":"Feature already enabled: IIS-ISAPIFilter","data":{"feature":"IIS-ISAPIFilter"}}
{"ts":"2025-10-03T10:22:54.1099625-07:00","level":"info","step":"S2.iis_bits_and_cert","req_id":"08bc6766-4c86-4302-ac02-3463938c9189","op":"feature.skip","msg":"Feature already enabled: IIS-WebSockets","data":{"feature":"IIS-WebSockets"}}
{"ts":"2025-10-03T10:22:54.1329994-07:00","level":"info","step":"S2.iis_bits_and_cert","req_id":"08bc6766-4c86-4302-ac02-3463938c9189","op":"download","msg":"Downloading https://download.microsoft.com/download/1/2/8/128E2E22-C1B9-44A4-BE2A-5859ED1D4592/rewrite_amd64_en-US.msi","data":{"to":"C:\\SocintAI\\deps\\rewrite_amd64_en-US.msi"}}
{"ts":"2025-10-03T10:22:54.7274192-07:00","level":"info","step":"S2.iis_bits_and_cert","req_id":"08bc6766-4c86-4302-ac02-3463938c9189","op":"msi.exec","msg":"Installing C:\\SocintAI\\deps\\rewrite_amd64_en-US.msi (silent)","data":{}}
{"ts":"2025-10-03T10:22:56.7881750-07:00","level":"info","step":"S2.iis_bits_and_cert","req_id":"08bc6766-4c86-4302-ac02-3463938c9189","op":"msi.exit","msg":"msiexec exit code: 0","data":{"restart_required":false,"file":"C:\\SocintAI\\deps\\rewrite_amd64_en-US.msi"}}
{"ts":"2025-10-03T10:22:58.8183494-07:00","level":"info","step":"S2.iis_bits_and_cert","req_id":"08bc6766-4c86-4302-ac02-3463938c9189","op":"check.urlrewrite","msg":"URL Rewrite installed: True","data":{"installed":true}}
{"ts":"2025-10-03T10:22:58.9048653-07:00","level":"info","step":"S2.iis_bits_and_cert","req_id":"08bc6766-4c86-4302-ac02-3463938c9189","op":"note","msg":"ARR depends on URL Rewrite; installing ARR after Rewrite","data":{}}
{"ts":"2025-10-03T10:22:58.9165431-07:00","level":"info","step":"S2.iis_bits_and_cert","req_id":"08bc6766-4c86-4302-ac02-3463938c9189","op":"download","msg":"Downloading https://go.microsoft.com/fwlink/?LinkID=615136","data":{"to":"C:\\SocintAI\\deps\\requestRouter_amd64.msi"}}
{"ts":"2025-10-03T10:22:59.5026201-07:00","level":"info","step":"S2.iis_bits_and_cert","req_id":"08bc6766-4c86-4302-ac02-3463938c9189","op":"msi.exec","msg":"Installing C:\\SocintAI\\deps\\requestRouter_amd64.msi (silent)","data":{}}
{"ts":"2025-10-03T10:23:01.5331683-07:00","level":"info","step":"S2.iis_bits_and_cert","req_id":"08bc6766-4c86-4302-ac02-3463938c9189","op":"msi.exit","msg":"msiexec exit code: 0","data":{"restart_required":false,"file":"C:\\SocintAI\\deps\\requestRouter_amd64.msi"}}
{"ts":"2025-10-03T10:23:03.6044205-07:00","level":"info","step":"S2.iis_bits_and_cert","req_id":"08bc6766-4c86-4302-ac02-3463938c9189","op":"check.arr","msg":"ARR installed: True","data":{"installed":true}}
{"ts":"2025-10-03T10:23:09.0561994-07:00","level":"info","step":"S2.iis_bits_and_cert","req_id":"08bc6766-4c86-4302-ac02-3463938c9189","op":"cert.create","msg":"Creating self-signed certificate for CN=localhost","data":{"friendly":"SocintAI Local Dev 8443"}}
{"ts":"2025-10-03T10:23:10.1897315-07:00","level":"info","step":"S2.iis_bits_and_cert","req_id":"08bc6766-4c86-4302-ac02-3463938c9189","op":"cert.present","msg":"Dev certificate present","data":{"notAfter":"2027-10-03T10:23:09-07:00","friendly":"SocintAI Local Dev 8443","thumbprint":"9DE5BC03A0A9782F88906968A96FD0913B4B51DE"}}
{"ts":"2025-10-03T10:23:11.0611591-07:00","level":"info","step":"S2.iis_bits_and_cert","req_id":"08bc6766-4c86-4302-ac02-3463938c9189","op":"summary","msg":"S2 install summary","data":{"url_rewrite_installed":true,"websockets_enabled":true,"log_file":"C:\\SocintAI\\logs\\S2_iis_bits_and_cert_20251003_102252.log","arr_installed":true,"cert_thumbprint":"9DE5BC03A0A9782F88906968A96FD0913B4B51DE","ready_for_S3":true,"port_8443_free":true,"restart_required":false,"duration_ms":18526}}
